[debug] [2023-06-11T01:31:40.871Z] ----------------------------------------------------------------------
[debug] [2023-06-11T01:31:40.875Z] Command:       C:\Program Files\nodejs\node.exe C:\Users\johan\AppData\Roaming\npm\node_modules\firebase-tools\lib\bin\firebase.js deploy
[debug] [2023-06-11T01:31:40.875Z] CLI Version:   12.3.1
[debug] [2023-06-11T01:31:40.876Z] Platform:      win32
[debug] [2023-06-11T01:31:40.876Z] Node Version:  v18.14.2
[debug] [2023-06-11T01:31:40.877Z] Time:          Sun Jun 11 2023 03:31:40 GMT+0200 (Central European Summer Time)
[debug] [2023-06-11T01:31:40.878Z] ----------------------------------------------------------------------
[debug] 
[debug] [2023-06-11T01:31:40.991Z] > command requires scopes: ["email","openid","https://www.googleapis.com/auth/cloudplatformprojects.readonly","https://www.googleapis.com/auth/firebase","https://www.googleapis.com/auth/cloud-platform"]
[debug] [2023-06-11T01:31:40.992Z] > authorizing via signed-in user (Johantinitus@hotmail.com)
[debug] [2023-06-11T01:31:40.992Z] [iam] checking project tibbelektro for permissions ["firebase.projects.get","firebasehosting.sites.update"]
[debug] [2023-06-11T01:31:40.996Z] >>> [apiv2][query] POST https://cloudresourcemanager.googleapis.com/v1/projects/tibbelektro:testIamPermissions [none]
[debug] [2023-06-11T01:31:40.996Z] >>> [apiv2][(partial)header] POST https://cloudresourcemanager.googleapis.com/v1/projects/tibbelektro:testIamPermissions x-goog-quota-user=projects/tibbelektro
[debug] [2023-06-11T01:31:40.996Z] >>> [apiv2][body] POST https://cloudresourcemanager.googleapis.com/v1/projects/tibbelektro:testIamPermissions {"permissions":["firebase.projects.get","firebasehosting.sites.update"]}
[debug] [2023-06-11T01:31:41.434Z] <<< [apiv2][status] POST https://cloudresourcemanager.googleapis.com/v1/projects/tibbelektro:testIamPermissions 200
[debug] [2023-06-11T01:31:41.435Z] <<< [apiv2][body] POST https://cloudresourcemanager.googleapis.com/v1/projects/tibbelektro:testIamPermissions {"permissions":["firebase.projects.get","firebasehosting.sites.update"]}
[debug] [2023-06-11T01:31:41.438Z] >>> [apiv2][query] GET https://firebase.googleapis.com/v1beta1/projects/tibbelektro [none]
[debug] [2023-06-11T01:31:41.841Z] <<< [apiv2][status] GET https://firebase.googleapis.com/v1beta1/projects/tibbelektro 200
[debug] [2023-06-11T01:31:41.842Z] <<< [apiv2][body] GET https://firebase.googleapis.com/v1beta1/projects/tibbelektro {"projectId":"tibbelektro","projectNumber":"1006656964471","displayName":"TibbElektro","name":"projects/tibbelektro","resources":{"hostingSite":"tibbelektro"},"state":"ACTIVE","etag":"1_5bab7cca-c1a9-4999-9411-9bab2745e139"}
[info] 
   Thank you for trying our early preview of Next.js support on Firebase Hosting.
   During the preview, support is best-effort and breaking changes can be expected. Proceed with caution.

   Documentation: https://firebase.google.com/docs/hosting/frameworks/nextjs
   File a bug: https://github.com/firebase/firebase-tools/issues/new?template=bug_report.md
   Submit a feature request: https://github.com/firebase/firebase-tools/issues/new?template=feature_request.md

   We'd love to learn from you. Express your interest in helping us shape the future of Firebase Hosting: https://goo.gle/41enW5X

[debug] [2023-06-11T01:32:14.093Z] Error: Unable to find the next dep, try NPM installing?
    at getConfig (C:\Users\johan\AppData\Roaming\npm\node_modules\firebase-tools\lib\frameworks\next\index.js:382:19)
    at build (C:\Users\johan\AppData\Roaming\npm\node_modules\firebase-tools\lib\frameworks\next\index.js:62:65)
    at process.processTicksAndRejections (node:internal/process/task_queues:95:5)
    at async prepareFrameworks (C:\Users\johan\AppData\Roaming\npm\node_modules\firebase-tools\lib\frameworks\index.js:211:33)
    at async deploy (C:\Users\johan\AppData\Roaming\npm\node_modules\firebase-tools\lib\deploy\index.js:55:13)
[error] 
[error] Error: An unexpected error has occurred.
